<?xml version="1.0" encoding="UTF-8"?>
<testng-results ignored="0" total="4" passed="4" failed="0" skipped="0">
  <reporter-output>
  </reporter-output>
  <suite started-at="2023-06-22T15:34:27 GMT" name="Default suite" finished-at="2023-06-22T15:34:47 GMT" duration-ms="19650">
    <groups>
    </groups>
    <test started-at="2023-06-22T15:34:27 GMT" name="Default test" finished-at="2023-06-22T15:34:47 GMT" duration-ms="19650">
      <class name="ui.DataProviderTest1">
        <test-method signature="test(java.lang.String,java.lang.String)[pri:0, instance:ui.DataProviderTest1@58695725]" started-at="2023-06-22T15:34:27 GMT" name="test" data-provider="login" finished-at="2023-06-22T15:34:34 GMT" duration-ms="6595" status="PASS">
          <params>
            <param index="0">
              <value>
                <![CDATA[standard_user]]>
              </value>
            </param>
            <param index="1">
              <value>
                <![CDATA[secret_sauce]]>
              </value>
            </param>
          </params>
          <reporter-output>
          </reporter-output>
        </test-method> <!-- test -->
        <test-method signature="test(java.lang.String,java.lang.String)[pri:0, instance:ui.DataProviderTest1@58695725]" started-at="2023-06-22T15:34:34 GMT" name="test" data-provider="login" finished-at="2023-06-22T15:34:36 GMT" duration-ms="2595" status="PASS">
          <params>
            <param index="0">
              <value>
                <![CDATA[locked_out_user]]>
              </value>
            </param>
            <param index="1">
              <value>
                <![CDATA[secret_sauce]]>
              </value>
            </param>
          </params>
          <reporter-output>
          </reporter-output>
        </test-method> <!-- test -->
        <test-method signature="test(java.lang.String,java.lang.String)[pri:0, instance:ui.DataProviderTest1@58695725]" started-at="2023-06-22T15:34:36 GMT" name="test" data-provider="login" finished-at="2023-06-22T15:34:39 GMT" duration-ms="2719" status="PASS">
          <params>
            <param index="0">
              <value>
                <![CDATA[problem_user]]>
              </value>
            </param>
            <param index="1">
              <value>
                <![CDATA[secret_sauce]]>
              </value>
            </param>
          </params>
          <reporter-output>
          </reporter-output>
        </test-method> <!-- test -->
        <test-method signature="test(java.lang.String,java.lang.String)[pri:0, instance:ui.DataProviderTest1@58695725]" started-at="2023-06-22T15:34:39 GMT" name="test" data-provider="login" finished-at="2023-06-22T15:34:47 GMT" duration-ms="7677" status="PASS">
          <params>
            <param index="0">
              <value>
                <![CDATA[performance_glitch_user]]>
              </value>
            </param>
            <param index="1">
              <value>
                <![CDATA[secret_sauce]]>
              </value>
            </param>
          </params>
          <reporter-output>
          </reporter-output>
        </test-method> <!-- test -->
      </class> <!-- ui.DataProviderTest1 -->
    </test> <!-- Default test -->
  </suite> <!-- Default suite -->
</testng-results>
