<?xml version="1.0" encoding="UTF-8"?>
<!-- Generated by org.testng.reporters.JUnitXMLReporter -->
<testsuite ignored="0" hostname="AMALITECH-PC-10186" failures="0" tests="4" name="Default test" time="19.65" errors="0" timestamp="2023-06-22T15:34:47 GMT">
  <testcase classname="ui.DataProviderTest1" name="test" time="6.595"/>
  <testcase classname="ui.DataProviderTest1" name="test" time="2.595"/>
  <testcase classname="ui.DataProviderTest1" name="test" time="2.719"/>
  <testcase classname="ui.DataProviderTest1" name="test" time="7.677"/>
</testsuite> <!-- Default test -->
