<?xml version="1.0" encoding="UTF-8"?>
<!-- Generated by org.testng.reporters.JUnitXMLReporter -->
<testsuite ignored="2" hostname="AMALITECH-PC-10186" failures="0" tests="2" name="GRP-E2E" time="0.053" errors="0" timestamp="2023-06-01T15:56:48 GMT">
  <testcase classname="ui.Groups" name="bloginTest" time="0.006"/>
  <testcase classname="ui.Groups" name="cloginTest" time="0.001"/>
  <testcase classname="ui.Groups" name="aloginTest" time="0.0">
    <ignored/>
  </testcase> <!-- aloginTest -->
  <testcase classname="ui.Groups" name="dloginTest" time="0.0">
    <ignored/>
  </testcase> <!-- dloginTest -->
</testsuite> <!-- GRP-E2E -->
