<?xml version="1.0" encoding="UTF-8"?>
<!-- Generated by org.testng.reporters.JUnitXMLReporter -->
<testsuite ignored="3" hostname="AMALITECH-PC-10186" failures="0" tests="1" name="GRP-performance" time="0.08" errors="0" timestamp="2023-06-01T13:24:39 GMT">
  <testcase classname="ui.Groups" name="dloginTest" time="0.014"/>
  <testcase classname="ui.Groups" name="bloginTest" time="0.0">
    <ignored/>
  </testcase> <!-- bloginTest -->
  <testcase classname="ui.Groups" name="aloginTest" time="0.0">
    <ignored/>
  </testcase> <!-- aloginTest -->
  <testcase classname="ui.Groups" name="cloginTest" time="0.0">
    <ignored/>
  </testcase> <!-- cloginTest -->
</testsuite> <!-- GRP-performance -->
