<?xml version="1.0" encoding="UTF-8"?>
<!-- Generated by org.testng.reporters.JUnitXMLReporter -->
<testsuite ignored="4" hostname="AMALITECH-PC-10186" failures="0" tests="7" name="Functional Testing" time="5.842" errors="0" timestamp="2023-06-01T16:15:54 GMT">
  <testcase classname="ui.Groups" name="aloginTest" time="0.005"/>
  <testcase classname="ui.Groups" name="bloginTest" time="0.001"/>
  <testcase classname="ui.Groups" name="cloginTest" time="0.001"/>
  <testcase classname="ui.Groups" name="dloginTest" time="0.001"/>
  <testcase classname="ui.softAssert" name="assertTest" time="5.773"/>
  <testcase classname="ui.loginTest" name="aloginTest" time="0.001"/>
  <testcase classname="ui.loginTest" name="bloginTest" time="0.003"/>
  <testcase classname="testSuite.beforeSuiteAfterSuite" name="@AfterSuite aftSuite" time="0.0">
    <ignored/>
  </testcase> <!-- @AfterSuite aftSuite -->
  <testcase classname="testSuite.beforeSuiteAfterSuite" name="@AfterSuite aftSuite" time="0.0">
    <ignored/>
  </testcase> <!-- @AfterSuite aftSuite -->
  <testcase classname="testSuite.beforeSuiteAfterSuite" name="@BeforeSuite brfSuite" time="0.0">
    <ignored/>
  </testcase> <!-- @BeforeSuite brfSuite -->
  <testcase classname="testSuite.beforeSuiteAfterSuite" name="@BeforeSuite brfSuite" time="0.0">
    <ignored/>
  </testcase> <!-- @BeforeSuite brfSuite -->
</testsuite> <!-- Functional Testing -->
